[ 11.06.2019 - 16:43:18 ]
    (MSG) [2] in SMILExtract : openSMILE starting!
[ 11.06.2019 - 16:43:18 ]
    (MSG) [2] in SMILExtract : config file is: ./opensmile-2.3.0/config/ComParE_2016.conf
[ 11.06.2019 - 16:43:18 ]
    (MSG) [2] in cComponentManager : successfully registered 91 component types.
[ 11.06.2019 - 16:43:18 ]
    (MSG) [2] in instance 'lldsink' : No filename given, disabling this sink component.
[ 11.06.2019 - 16:43:18 ]
    (MSG) [2] in instance 'lldhtksink' : No filename given, disabling this sink component.
[ 11.06.2019 - 16:43:18 ]
    (MSG) [2] in instance 'lldarffsink' : No filename given, disabling this sink component.
[ 11.06.2019 - 16:43:18 ]
    (MSG) [2] in instance 'csvsink' : No filename given, disabling this sink component.
[ 11.06.2019 - 16:43:18 ]
    (MSG) [2] in instance 'htksink' : No filename given, disabling this sink component.
[ 11.06.2019 - 16:43:18 ]
    (MSG) [2] in cComponentManager : successfully finished createInstances
                                 (48 component instances were finalised, 1 data memories were finalised)
[ 11.06.2019 - 16:43:18 ]
    (MSG) [2] in cComponentManager : starting single thread processing loop
[ 11.06.2019 - 16:43:18 ]
    (MSG) [2] in cComponentManager : Processing finished! System ran for 222 ticks.
